<?xml version="1.0" encoding="UTF-8"?>
<testng-results ignored="0" total="1" passed="1" failed="0" skipped="0">
  <reporter-output>
  </reporter-output>
  <suite started-at="2025-11-02T18:56:54 IST" name="Surefire suite" finished-at="2025-11-02T18:57:16 IST" duration-ms="21812">
    <groups>
      <group name="cucumber">
        <method signature="AbstractTestNGCucumberTests.runScenario(io.cucumber.testng.PickleWrapper,io.cucumber.testng.FeatureWrapper)[pri:0, instance:stepDefinitions.TestRunnerClass@5f058f00]" name="runScenario" class="io.cucumber.testng.AbstractTestNGCucumberTests"/>
      </group> <!-- cucumber -->
    </groups>
    <test started-at="2025-11-02T18:56:54 IST" name="Surefire test" finished-at="2025-11-02T18:57:16 IST" duration-ms="21812">
      <class name="stepDefinitions.TestRunnerClass">
        <test-method is-config="true" signature="setUpClass(org.testng.ITestContext)[pri:0, instance:stepDefinitions.TestRunnerClass@5f058f00]" started-at="2025-11-02T18:56:54 IST" name="setUpClass" finished-at="2025-11-02T18:56:55 IST" duration-ms="861" status="PASS">
          <params>
            <param index="0">
              <value>
                <![CDATA[org.testng.TestRunner@23f72d88]]>
              </value>
            </param>
          </params>
          <reporter-output>
          </reporter-output>
        </test-method> <!-- setUpClass -->
        <test-method signature="runScenario(io.cucumber.testng.PickleWrapper,io.cucumber.testng.FeatureWrapper)[pri:0, instance:stepDefinitions.TestRunnerClass@5f058f00]" started-at="2025-11-02T18:56:55 IST" name="runScenario" description="Runs Cucumber Scenarios" data-provider="scenarios" finished-at="2025-11-02T18:57:16 IST" duration-ms="20790" status="PASS">
          <params>
            <param index="0">
              <value>
                <![CDATA["Login into Lets shop website and add items to cart"]]>
              </value>
            </param>
            <param index="1">
              <value>
                <![CDATA["Add items to Cart"]]>
              </value>
            </param>
          </params>
          <reporter-output>
          </reporter-output>
        </test-method> <!-- runScenario -->
        <test-method is-config="true" signature="tearDownClass()[pri:0, instance:stepDefinitions.TestRunnerClass@5f058f00]" started-at="2025-11-02T18:57:16 IST" name="tearDownClass" finished-at="2025-11-02T18:57:16 IST" duration-ms="96" status="PASS">
          <reporter-output>
          </reporter-output>
        </test-method> <!-- tearDownClass -->
      </class> <!-- stepDefinitions.TestRunnerClass -->
    </test> <!-- Surefire test -->
  </suite> <!-- Surefire suite -->
</testng-results>
