<?xml version="1.0" encoding="UTF-8"?>
<testsuite xmlns:xsi="http://www.w3.org/2001/XMLSchema-instance" xsi:noNamespaceSchemaLocation="https://maven.apache.org/surefire/maven-surefire-plugin/xsd/surefire-test-report-3.0.xsd" version="3.0" name="stepDefinitions.TestRunnerClass" time="15.625" tests="1" errors="0" skipped="0" failures="0">
  <properties>
[...]
</properties>
  <testcase name="runScenario[&quot;Login into Lets shop website and add items to cart&quot;, &quot;Add items to Cart&quot;](1)" classname="stepDefinitions.TestRunnerClass" time="14.743">
    <system-out><![CDATA[
@LetsShop
&amp#27;[1mScenario:&amp#27;[22m Login into Lets shop website and add items to cart          &amp#27;[90m# file:///C:/Users/jagap/eclipse-workspace/cucumber8/src/test/java/FeaturesFiles/LetsShop_AddItemsToCart.feature:4&amp#27;[39m
User is in Login Page
  &amp#27;[32m✔&amp#27;[39m &amp#27;[32m&amp#27;[1mGiven &amp#27;[22mUser is in Login Page of lets shop website&amp#27;[39m                  &amp#27;[90m# stepDefinitions.AddItemsToCart_LetsShop.login()&amp#27;[39m
  &amp#27;[32m✔&amp#27;[39m &amp#27;[32m&amp#27;[1mThen &amp#27;[22muser enters Username and password&amp#27;[39m                            &amp#27;[90m# stepDefinitions.AddItemsToCart_LetsShop.enter_username_password()&amp#27;[39m
User clicks on Sign in button and login in sucessfully
  &amp#27;[32m✔&amp#27;[39m &amp#27;[32m&amp#27;[1mAnd &amp#27;[22mClicks on signin button&amp#27;[39m                                       &amp#27;[90m# stepDefinitions.AddItemsToCart_LetsShop.signIn()&amp#27;[39m
User is on home page
  &amp#27;[32m✔&amp#27;[39m &amp#27;[32m&amp#27;[1mWhen &amp#27;[22muser is on home page for Lets shop&amp#27;[39m                           &amp#27;[90m# stepDefinitions.AddItemsToCart_LetsShop.user_is_on_home_page()&amp#27;[39m
  &amp#27;[32m✔&amp#27;[39m &amp#27;[32m&amp#27;[1mThen &amp#27;[22muser clicks on add to cart button for all the required items&amp#27;[39m &amp#27;[90m# stepDefinitions.AddItemsToCart_LetsShop.addItemsToCart()&amp#27;[39m
  &amp#27;[32m✔&amp#27;[39m &amp#27;[32m&amp#27;[1mAnd &amp#27;[22mUser clicks on cart button to navigate to Cart page&amp#27;[39m           &amp#27;[90m# stepDefinitions.AddItemsToCart_LetsShop.navigate_to_cart_page()&amp#27;[39m
]]></system-out>
    <system-err><![CDATA[SLF4J(W): No SLF4J providers were found.
SLF4J(W): Defaulting to no-operation (NOP) logger implementation
SLF4J(W): See https://www.slf4j.org/codes.html#noProviders for further details.
Nov 02, 2025 11:56:01 AM org.openqa.selenium.devtools.CdpVersionFinder findNearestMatch
WARNING: Unable to find CDP implementation matching 142
Nov 02, 2025 11:56:01 AM org.openqa.selenium.chromium.ChromiumDriver lambda$new$4
WARNING: Unable to find version of CDP to use for 142.0.7444.59. You may need to include a dependency on a specific version of the CDP using something similar to `org.seleniumhq.selenium:selenium-devtools-v86:4.32.0` where the version ("v86") matches the version of the chromium-based browser you're using and the version number of the artifact is the same as Selenium's.
]]></system-err>
  </testcase>
</testsuite>