<?xml version="1.0" encoding="UTF-8"?>
<testng-results ignored="0" total="4" passed="4" failed="0" skipped="0">
  <reporter-output>
  </reporter-output>
  <suite started-at="2025-11-01T16:58:59 IST" name="Default suite" finished-at="2025-11-01T16:59:28 IST" duration-ms="28716">
    <groups>
      <group name="cucumber">
        <method signature="AbstractTestNGCucumberTests.runScenario(io.cucumber.testng.PickleWrapper,io.cucumber.testng.FeatureWrapper)[pri:0, instance:stepDefinitions.TestRunnerClass@305b7c14]" name="runScenario" class="io.cucumber.testng.AbstractTestNGCucumberTests"/>
      </group> <!-- cucumber -->
    </groups>
    <test started-at="2025-11-01T16:58:59 IST" name="Default test" finished-at="2025-11-01T16:59:28 IST" duration-ms="28716">
      <class name="stepDefinitions.TestRunnerClass">
        <test-method is-config="true" signature="setUpClass(org.testng.ITestContext)[pri:0, instance:stepDefinitions.TestRunnerClass@305b7c14]" started-at="2025-11-01T16:58:59 IST" name="setUpClass" finished-at="2025-11-01T16:59:00 IST" duration-ms="928" status="PASS">
          <params>
            <param index="0">
              <value>
                <![CDATA[org.testng.TestRunner@111d5c97]]>
              </value>
            </param>
          </params>
          <reporter-output>
          </reporter-output>
        </test-method> <!-- setUpClass -->
        <test-method signature="runScenario(io.cucumber.testng.PickleWrapper,io.cucumber.testng.FeatureWrapper)[pri:0, instance:stepDefinitions.TestRunnerClass@305b7c14]" started-at="2025-11-01T16:59:00 IST" name="runScenario" description="Runs Cucumber Scenarios" data-provider="scenarios" finished-at="2025-11-01T16:59:08 IST" duration-ms="7200" status="PASS">
          <params>
            <param index="0">
              <value>
                <![CDATA["Book one way flight ticket"]]>
              </value>
            </param>
            <param index="1">
              <value>
                <![CDATA["Book one way Flight Ticket"]]>
              </value>
            </param>
          </params>
          <reporter-output>
          </reporter-output>
        </test-method> <!-- runScenario -->
        <test-method signature="runScenario(io.cucumber.testng.PickleWrapper,io.cucumber.testng.FeatureWrapper)[pri:0, instance:stepDefinitions.TestRunnerClass@305b7c14]" started-at="2025-11-01T16:59:08 IST" name="runScenario" description="Runs Cucumber Scenarios" data-provider="scenarios" finished-at="2025-11-01T16:59:15 IST" duration-ms="6946" status="PASS">
          <params>
            <param index="0">
              <value>
                <![CDATA["Book Round trip ticket"]]>
              </value>
            </param>
            <param index="1">
              <value>
                <![CDATA["Book one way Flight Ticket"]]>
              </value>
            </param>
          </params>
          <reporter-output>
          </reporter-output>
        </test-method> <!-- runScenario -->
        <test-method signature="runScenario(io.cucumber.testng.PickleWrapper,io.cucumber.testng.FeatureWrapper)[pri:0, instance:stepDefinitions.TestRunnerClass@305b7c14]" started-at="2025-11-01T16:59:15 IST" name="runScenario" description="Runs Cucumber Scenarios" data-provider="scenarios" finished-at="2025-11-01T16:59:21 IST" duration-ms="6793" status="PASS">
          <params>
            <param index="0">
              <value>
                <![CDATA["Book Round trip ticket"]]>
              </value>
            </param>
            <param index="1">
              <value>
                <![CDATA["Book one way Flight Ticket"]]>
              </value>
            </param>
          </params>
          <reporter-output>
          </reporter-output>
        </test-method> <!-- runScenario -->
        <test-method signature="runScenario(io.cucumber.testng.PickleWrapper,io.cucumber.testng.FeatureWrapper)[pri:0, instance:stepDefinitions.TestRunnerClass@305b7c14]" started-at="2025-11-01T16:59:21 IST" name="runScenario" description="Runs Cucumber Scenarios" data-provider="scenarios" finished-at="2025-11-01T16:59:28 IST" duration-ms="6687" status="PASS">
          <params>
            <param index="0">
              <value>
                <![CDATA["Book Round trip ticket"]]>
              </value>
            </param>
            <param index="1">
              <value>
                <![CDATA["Book one way Flight Ticket"]]>
              </value>
            </param>
          </params>
          <reporter-output>
          </reporter-output>
        </test-method> <!-- runScenario -->
        <test-method is-config="true" signature="tearDownClass()[pri:0, instance:stepDefinitions.TestRunnerClass@305b7c14]" started-at="2025-11-01T16:59:28 IST" name="tearDownClass" finished-at="2025-11-01T16:59:28 IST" duration-ms="79" status="PASS">
          <reporter-output>
          </reporter-output>
        </test-method> <!-- tearDownClass -->
      </class> <!-- stepDefinitions.TestRunnerClass -->
    </test> <!-- Default test -->
  </suite> <!-- Default suite -->
</testng-results>
