<?xml version="1.0" encoding="UTF-8"?>
<testng-results ignored="0" total="1" passed="1" failed="0" skipped="0">
  <reporter-output>
  </reporter-output>
  <suite started-at="2025-11-04T09:46:08 IST" name="Default suite" finished-at="2025-11-04T09:46:21 IST" duration-ms="13091">
    <groups>
      <group name="cucumber">
        <method signature="AbstractTestNGCucumberTests.runScenario(io.cucumber.testng.PickleWrapper,io.cucumber.testng.FeatureWrapper)[pri:0, instance:stepDefinitions.TestRunnerClass@305b7c14]" name="runScenario" class="io.cucumber.testng.AbstractTestNGCucumberTests"/>
      </group> <!-- cucumber -->
    </groups>
    <test started-at="2025-11-04T09:46:08 IST" name="Default test" finished-at="2025-11-04T09:46:21 IST" duration-ms="13091">
      <class name="stepDefinitions.TestRunnerClass">
        <test-method is-config="true" signature="setUpClass(org.testng.ITestContext)[pri:0, instance:stepDefinitions.TestRunnerClass@305b7c14]" started-at="2025-11-04T09:46:08 IST" name="setUpClass" finished-at="2025-11-04T09:46:09 IST" duration-ms="477" status="PASS">
          <params>
            <param index="0">
              <value>
                <![CDATA[org.testng.TestRunner@6f6c6077]]>
              </value>
            </param>
          </params>
          <reporter-output>
          </reporter-output>
        </test-method> <!-- setUpClass -->
        <test-method signature="runScenario(io.cucumber.testng.PickleWrapper,io.cucumber.testng.FeatureWrapper)[pri:0, instance:stepDefinitions.TestRunnerClass@305b7c14]" started-at="2025-11-04T09:46:09 IST" name="runScenario" description="Runs Cucumber Scenarios" data-provider="scenarios" finished-at="2025-11-04T09:46:20 IST" duration-ms="11927" status="PASS">
          <params>
            <param index="0">
              <value>
                <![CDATA["Add vegitables to cart"]]>
              </value>
            </param>
            <param index="1">
              <value>
                <![CDATA["Add Items to Cart"]]>
              </value>
            </param>
          </params>
          <reporter-output>
          </reporter-output>
        </test-method> <!-- runScenario -->
        <test-method is-config="true" signature="tearDownClass()[pri:0, instance:stepDefinitions.TestRunnerClass@305b7c14]" started-at="2025-11-04T09:46:20 IST" name="tearDownClass" finished-at="2025-11-04T09:46:21 IST" duration-ms="619" status="PASS">
          <reporter-output>
          </reporter-output>
        </test-method> <!-- tearDownClass -->
      </class> <!-- stepDefinitions.TestRunnerClass -->
    </test> <!-- Default test -->
  </suite> <!-- Default suite -->
</testng-results>
