<?xml version="1.0" encoding="UTF-8"?>
<testng-results ignored="0" total="3" passed="3" failed="0" skipped="0">
  <reporter-output>
  </reporter-output>
  <suite started-at="2025-11-11T09:56:06 IST" name="Default suite" finished-at="2025-11-11T09:57:10 IST" duration-ms="63750">
    <groups>
      <group name="cucumber">
        <method signature="AbstractTestNGCucumberTests.runScenario(io.cucumber.testng.PickleWrapper,io.cucumber.testng.FeatureWrapper)[pri:0, instance:stepDefinitions.TestRunnerClass@305b7c14]" name="runScenario" class="io.cucumber.testng.AbstractTestNGCucumberTests"/>
      </group> <!-- cucumber -->
    </groups>
    <test started-at="2025-11-11T09:56:06 IST" name="Default test" finished-at="2025-11-11T09:57:10 IST" duration-ms="63750">
      <class name="stepDefinitions.TestRunnerClass">
        <test-method is-config="true" signature="setUpClass(org.testng.ITestContext)[pri:0, instance:stepDefinitions.TestRunnerClass@305b7c14]" started-at="2025-11-11T09:56:06 IST" name="setUpClass" finished-at="2025-11-11T09:56:07 IST" duration-ms="573" status="PASS">
          <params>
            <param index="0">
              <value>
                <![CDATA[org.testng.TestRunner@1bedc703]]>
              </value>
            </param>
          </params>
          <reporter-output>
          </reporter-output>
        </test-method> <!-- setUpClass -->
        <test-method signature="runScenario(io.cucumber.testng.PickleWrapper,io.cucumber.testng.FeatureWrapper)[pri:0, instance:stepDefinitions.TestRunnerClass@305b7c14]" started-at="2025-11-11T09:56:07 IST" name="runScenario" description="Runs Cucumber Scenarios" data-provider="scenarios" finished-at="2025-11-11T09:56:30 IST" duration-ms="22733" status="PASS">
          <params>
            <param index="0">
              <value>
                <![CDATA["Book bus ticket for given details."]]>
              </value>
            </param>
            <param index="1">
              <value>
                <![CDATA["Book bus tickects."]]>
              </value>
            </param>
          </params>
          <reporter-output>
          </reporter-output>
        </test-method> <!-- runScenario -->
        <test-method signature="runScenario(io.cucumber.testng.PickleWrapper,io.cucumber.testng.FeatureWrapper)[pri:0, instance:stepDefinitions.TestRunnerClass@305b7c14]" started-at="2025-11-11T09:56:30 IST" name="runScenario" description="Runs Cucumber Scenarios" data-provider="scenarios" finished-at="2025-11-11T09:56:48 IST" duration-ms="18818" status="PASS">
          <params>
            <param index="0">
              <value>
                <![CDATA["Bus booking for multiple buses"]]>
              </value>
            </param>
            <param index="1">
              <value>
                <![CDATA["Mutiple booking"]]>
              </value>
            </param>
          </params>
          <reporter-output>
          </reporter-output>
        </test-method> <!-- runScenario -->
        <test-method signature="runScenario(io.cucumber.testng.PickleWrapper,io.cucumber.testng.FeatureWrapper)[pri:0, instance:stepDefinitions.TestRunnerClass@305b7c14]" started-at="2025-11-11T09:56:48 IST" name="runScenario" description="Runs Cucumber Scenarios" data-provider="scenarios" finished-at="2025-11-11T09:57:10 IST" duration-ms="21259" status="PASS">
          <params>
            <param index="0">
              <value>
                <![CDATA["Bus booking for multiple buses"]]>
              </value>
            </param>
            <param index="1">
              <value>
                <![CDATA["Mutiple booking"]]>
              </value>
            </param>
          </params>
          <reporter-output>
          </reporter-output>
        </test-method> <!-- runScenario -->
        <test-method is-config="true" signature="tearDownClass()[pri:0, instance:stepDefinitions.TestRunnerClass@305b7c14]" started-at="2025-11-11T09:57:10 IST" name="tearDownClass" finished-at="2025-11-11T09:57:10 IST" duration-ms="320" status="PASS">
          <reporter-output>
          </reporter-output>
        </test-method> <!-- tearDownClass -->
      </class> <!-- stepDefinitions.TestRunnerClass -->
    </test> <!-- Default test -->
  </suite> <!-- Default suite -->
</testng-results>
