<?xml version="1.0" encoding="UTF-8"?>
<!-- Generated by org.testng.reporters.JUnitReportReporter -->
<testsuite hostname="LAPTOP-4K258LJ4" failures="0" tests="4" name="stepDefinitions.TestRunnerClass" time="27.626" errors="0" timestamp="2025-11-01T16:59:28 IST" skipped="0">
  <testcase classname="stepDefinitions.TestRunnerClass" name="runScenario" time="7.200"/>
  <testcase classname="stepDefinitions.TestRunnerClass" name="runScenario" time="6.946"/>
  <testcase classname="stepDefinitions.TestRunnerClass" name="runScenario" time="6.687"/>
  <testcase classname="stepDefinitions.TestRunnerClass" name="runScenario" time="6.793"/>
</testsuite> <!-- stepDefinitions.TestRunnerClass -->
