<?xml version="1.0" encoding="UTF-8"?>
<!-- Generated by org.testng.reporters.JUnitReportReporter -->
<testsuite hostname="LAPTOP-4K258LJ4" failures="0" tests="3" name="stepDefinitions.TestRunnerClass" time="62.810" errors="0" timestamp="2025-11-11T09:57:10 IST" skipped="0">
  <testcase classname="stepDefinitions.TestRunnerClass" name="runScenario" time="22.733"/>
  <testcase classname="stepDefinitions.TestRunnerClass" name="runScenario" time="21.259"/>
  <testcase classname="stepDefinitions.TestRunnerClass" name="runScenario" time="18.818"/>
</testsuite> <!-- stepDefinitions.TestRunnerClass -->
